[27-Mar-2019 14:19:22 UTC] PHP Deprecated:  The each() function is deprecated. This message will be suppressed on further calls in C:\Users\admin\whs-basic\vendor\phpunit\phpunit\src\Util\Getopt.php on line 38
[27-Mar-2019 14:21:23 UTC] PHP Deprecated:  The each() function is deprecated. This message will be suppressed on further calls in C:\Users\admin\whs-basic\vendor\phpunit\phpunit\src\Util\Getopt.php on line 38
[27-Mar-2019 14:24:40 UTC] PHP Deprecated:  The each() function is deprecated. This message will be suppressed on further calls in C:\Users\admin\whs-basic\vendor\phpunit\phpunit\src\Util\Getopt.php on line 38
[27-Mar-2019 14:26:16 UTC] PHP Deprecated:  The each() function is deprecated. This message will be suppressed on further calls in C:\Users\admin\whs-basic\vendor\phpunit\phpunit\src\Util\Getopt.php on line 38
[27-Mar-2019 14:26:48 UTC] PHP Deprecated:  The each() function is deprecated. This message will be suppressed on further calls in C:\Users\admin\whs-basic\vendor\phpunit\phpunit\src\Util\Getopt.php on line 38
[27-Mar-2019 14:30:09 UTC] PHP Deprecated:  The each() function is deprecated. This message will be suppressed on further calls in C:\Users\admin\whs-basic\vendor\phpunit\phpunit\src\Util\Getopt.php on line 38
[27-Mar-2019 14:30:41 UTC] PHP Deprecated:  The each() function is deprecated. This message will be suppressed on further calls in C:\Users\admin\whs-basic\vendor\phpunit\phpunit\src\Util\Getopt.php on line 38
[27-Mar-2019 14:41:08 UTC] PHP Deprecated:  The each() function is deprecated. This message will be suppressed on further calls in C:\Users\admin\whs-basic\vendor\phpunit\phpunit\src\Util\Getopt.php on line 38
[29-Mar-2019 09:14:49 UTC] PHP Deprecated:  The each() function is deprecated. This message will be suppressed on further calls in C:\Users\admin\whs-pdo\vendor\phpunit\phpunit\src\Util\Getopt.php on line 38
[29-Mar-2019 09:52:30 UTC] PHP Deprecated:  The each() function is deprecated. This message will be suppressed on further calls in C:\Users\admin\whs-bootstrap\vendor\phpunit\phpunit\src\Util\Getopt.php on line 38
[02-Apr-2019 08:05:29 UTC] PHP Deprecated:  The each() function is deprecated. This message will be suppressed on further calls in C:\Users\admin\whs-service\vendor\phpunit\phpunit\src\Util\Getopt.php on line 38
[02-Apr-2019 08:06:58 UTC] PHP Deprecated:  The each() function is deprecated. This message will be suppressed on further calls in C:\Users\admin\whs-service\vendor\phpunit\phpunit\src\Util\Getopt.php on line 38
[05-Apr-2019 11:24:28 UTC] PHP Deprecated:  The each() function is deprecated. This message will be suppressed on further calls in C:\Users\ADM\Desktop\Appli info RT\whs-orm\vendor\phpunit\phpunit\src\Util\Getopt.php on line 38
[05-Apr-2019 11:26:56 UTC] PHP Deprecated:  The each() function is deprecated. This message will be suppressed on further calls in C:\Users\ADM\Desktop\Appli info RT\whs-orm\vendor\phpunit\phpunit\src\Util\Getopt.php on line 38
[05-Apr-2019 11:27:54 UTC] PHP Deprecated:  The each() function is deprecated. This message will be suppressed on further calls in C:\Users\ADM\Desktop\Appli info RT\whs-orm\vendor\phpunit\phpunit\src\Util\Getopt.php on line 38
[05-Apr-2019 11:36:12 UTC] PHP Deprecated:  The each() function is deprecated. This message will be suppressed on further calls in C:\Users\ADM\Desktop\Appli info RT\whs-orm\vendor\phpunit\phpunit\src\Util\Getopt.php on line 38
[05-Apr-2019 12:57:50 UTC] PHP Deprecated:  The each() function is deprecated. This message will be suppressed on further calls in C:\Users\ADM\Desktop\Appli info RT\whs-orm\vendor\phpunit\phpunit\src\Util\Getopt.php on line 38
[05-Apr-2019 13:02:32 UTC] PHP Deprecated:  The each() function is deprecated. This message will be suppressed on further calls in C:\Users\ADM\Desktop\Appli info RT\whs-orm\vendor\phpunit\phpunit\src\Util\Getopt.php on line 38
[05-Apr-2019 13:03:18 UTC] PHP Deprecated:  The each() function is deprecated. This message will be suppressed on further calls in C:\Users\ADM\Desktop\Appli info RT\whs-orm\vendor\phpunit\phpunit\src\Util\Getopt.php on line 38
[05-Apr-2019 13:06:52 UTC] PHP Deprecated:  The each() function is deprecated. This message will be suppressed on further calls in C:\Users\ADM\Desktop\Appli info RT\whs-orm\vendor\phpunit\phpunit\src\Util\Getopt.php on line 38
[05-Apr-2019 13:06:52 UTC] PHP Parse error:  syntax error, unexpected end of file, expecting function (T_FUNCTION) or const (T_CONST) in C:\Users\ADM\Desktop\Appli info RT\whs-orm\tests\Functional\AssertionsTest.php on line 45
[05-Apr-2019 13:07:17 UTC] PHP Deprecated:  The each() function is deprecated. This message will be suppressed on further calls in C:\Users\ADM\Desktop\Appli info RT\whs-orm\vendor\phpunit\phpunit\src\Util\Getopt.php on line 38
[05-Apr-2019 13:07:47 UTC] PHP Deprecated:  The each() function is deprecated. This message will be suppressed on further calls in C:\Users\ADM\Desktop\Appli info RT\whs-orm\vendor\phpunit\phpunit\src\Util\Getopt.php on line 38
[05-Apr-2019 13:08:31 UTC] PHP Deprecated:  The each() function is deprecated. This message will be suppressed on further calls in C:\Users\ADM\Desktop\Appli info RT\whs-orm\vendor\phpunit\phpunit\src\Util\Getopt.php on line 38
[05-Apr-2019 13:34:55 UTC] PHP Deprecated:  The each() function is deprecated. This message will be suppressed on further calls in C:\Users\ADM\whs-sep\serveur\vendor\phpunit\phpunit\src\Util\Getopt.php on line 38
[05-Apr-2019 13:37:57 UTC] PHP Deprecated:  The each() function is deprecated. This message will be suppressed on further calls in C:\Users\ADM\whs-sep\serveur\vendor\phpunit\phpunit\src\Util\Getopt.php on line 38
